<?xml version="1.0" encoding="UTF-8"?>
<!-- Generated by org.testng.reporters.JUnitReportReporter -->
<testsuite hostname="NikuNavu-Laptop" failures="0" tests="2" name="testCases.TC002_HomePageValidation" time="1.598" errors="0" timestamp="2025-07-17T15:21:41 EDT" skipped="0">
  <testcase classname="testCases.TC002_HomePageValidation" name="homePageValidation" time="0.242"/>
  <testcase classname="testCases.TC002_HomePageValidation" name="homePageValidation" time="1.356"/>
</testsuite> <!-- testCases.TC002_HomePageValidation -->
