<?xml version="1.0" encoding="UTF-8"?>
<!-- Generated by org.testng.reporters.JUnitReportReporter -->
<testsuite hostname="NikuNavu-Laptop" failures="0" tests="1" name="testCases.TC003_LoginValidation" time="3.385" errors="0" timestamp="2025-07-01T21:14:55 EDT" skipped="0">
  <testcase classname="testCases.TC003_LoginValidation" name="loginCheck" time="3.385"/>
</testsuite> <!-- testCases.TC003_LoginValidation -->
