<?xml version="1.0" encoding="UTF-8"?>
<!-- Generated by org.testng.reporters.JUnitReportReporter -->
<testsuite hostname="NikuNavu-Laptop" failures="0" tests="1" name="testCases.TC006_ReadExcelData" time="0.708" errors="0" timestamp="2025-07-03T14:23:45 EDT" skipped="0">
  <testcase classname="testCases.TC006_ReadExcelData" name="readExcel" time="0.708"/>
</testsuite> <!-- testCases.TC006_ReadExcelData -->
