<?xml version="1.0" encoding="UTF-8"?>
<!-- Generated by org.testng.reporters.JUnitReportReporter -->
<testsuite hostname="NikuNavu-Laptop" failures="0" tests="2" name="testCases.TC004_LoginDDTc" time="17.249" errors="0" timestamp="2025-07-09T17:29:18 EDT" skipped="0">
  <testcase classname="testCases.TC004_LoginDDTc" name="logincheck" time="11.982"/>
  <testcase classname="testCases.TC004_LoginDDTc" name="logincheck" time="5.267"/>
</testsuite> <!-- testCases.TC004_LoginDDTc -->
