<?xml version="1.0" encoding="UTF-8"?>
<!-- Generated by org.testng.reporters.JUnitReportReporter -->
<testsuite hostname="NikuNavu-Laptop" failures="0" tests="2" name="testCases.TC015_MouseAction" time="12.067" errors="0" timestamp="2025-07-21T10:45:07 EDT" skipped="0">
  <testcase classname="testCases.TC015_MouseAction" name="mouseHover" time="4.643"/>
  <testcase classname="testCases.TC015_MouseAction" name="mouseDragAndDrop" time="7.424"/>
</testsuite> <!-- testCases.TC015_MouseAction -->
