<?xml version="1.0" encoding="UTF-8"?>
<!-- Generated by org.testng.reporters.JUnitReportReporter -->
<testsuite hostname="NikuNavu-Laptop" failures="0" tests="1" name="testCases.TC012_ReadFromDB" time="2.684" errors="0" timestamp="2025-07-08T16:51:04 EDT" skipped="0">
  <testcase classname="testCases.TC012_ReadFromDB" name="ReadFromDB" time="2.684"/>
</testsuite> <!-- testCases.TC012_ReadFromDB -->
