<?xml version="1.0" encoding="UTF-8"?>
<!-- Generated by org.testng.reporters.JUnitReportReporter -->
<testsuite hostname="NikuNavu-Laptop" failures="0" tests="1" name="testCases.ReadXmlData" time="0.026" errors="0" timestamp="2025-07-07T20:16:44 EDT" skipped="0">
  <testcase classname="testCases.ReadXmlData" name="readFromXml" time="0.026"/>
</testsuite> <!-- testCases.ReadXmlData -->
