<?xml version="1.0" encoding="UTF-8"?>
<!-- Generated by org.testng.reporters.JUnitReportReporter -->
<testsuite hostname="NikuNavu-Laptop" failures="0" tests="1" name="testCases.TC003_LoginValidation" time="2.687" errors="0" timestamp="2025-07-09T17:29:18 EDT" skipped="0">
  <testcase classname="testCases.TC003_LoginValidation" name="loginCheck" time="2.687"/>
</testsuite> <!-- testCases.TC003_LoginValidation -->
