<?xml version="1.0" encoding="UTF-8"?>
<!-- Generated by org.testng.reporters.JUnitReportReporter -->
<testsuite hostname="NikuNavu-Laptop" failures="0" tests="1" name="testCases.TC010_ReadFromJson" time="0.023" errors="0" timestamp="2025-07-07T20:17:47 EDT" skipped="0">
  <testcase classname="testCases.TC010_ReadFromJson" name="readFromJson" time="0.023"/>
</testsuite> <!-- testCases.TC010_ReadFromJson -->
