<?xml version="1.0" encoding="UTF-8"?>
<!-- Generated by org.testng.reporters.JUnitReportReporter -->
<testsuite hostname="NikuNavu-Laptop" failures="0" tests="2" name="testCases.TC001_SignUpValidation" time="18.785" errors="0" timestamp="2025-07-17T15:21:41 EDT" skipped="0">
  <testcase classname="testCases.TC001_SignUpValidation" name="signUpValidation" time="3.844"/>
  <testcase classname="testCases.TC001_SignUpValidation" name="signUpValidation" time="14.941"/>
</testsuite> <!-- testCases.TC001_SignUpValidation -->
