<?xml version="1.0" encoding="UTF-8"?>
<!-- Generated by org.testng.reporters.JUnitReportReporter -->
<testsuite hostname="NikuNavu-Laptop" failures="0" tests="1" name="testCases.TC007_WindowHandle" time="3.889" errors="0" timestamp="2025-07-03T18:11:26 EDT" skipped="0">
  <testcase classname="testCases.TC007_WindowHandle" name="windowHandle" time="3.889"/>
</testsuite> <!-- testCases.TC007_WindowHandle -->
