<?xml version="1.0" encoding="UTF-8"?>
<!-- Generated by org.testng.reporters.JUnitReportReporter -->
<testsuite hostname="NikuNavu-Laptop" failures="0" tests="1" name="testCases.TC001_SignUpValidation" time="5.482" errors="0" timestamp="2025-07-01T17:20:41 EDT" skipped="0">
  <testcase classname="testCases.TC001_SignUpValidation" name="signUpValidation" time="5.482"/>
</testsuite> <!-- testCases.TC001_SignUpValidation -->
