<?xml version="1.0" encoding="UTF-8"?>
<!-- Generated by org.testng.reporters.JUnitReportReporter -->
<testsuite hostname="NikuNavu-Laptop" failures="0" tests="2" name="testCases.TC009_ReadExcelInToHashMap" time="1.236" errors="0" timestamp="2025-07-06T19:35:38 EDT" skipped="0">
  <testcase classname="testCases.TC009_ReadExcelInToHashMap" name="readExcelInToHashMap" time="1.061"/>
  <testcase classname="testCases.TC009_ReadExcelInToHashMap" name="writeInToExcel" time="0.175"/>
</testsuite> <!-- testCases.TC009_ReadExcelInToHashMap -->
