<?xml version="1.0" encoding="UTF-8"?>
<!-- Generated by org.testng.reporters.JUnitReportReporter -->
<testsuite hostname="NikuNavu-Laptop" failures="0" tests="2" name="testCases.TC003_LoginValidation" time="10.349" errors="0" timestamp="2025-07-17T15:21:41 EDT" skipped="0">
  <testcase classname="testCases.TC003_LoginValidation" name="loginCheck" time="5.575"/>
  <testcase classname="testCases.TC003_LoginValidation" name="loginCheck" time="4.774"/>
</testsuite> <!-- testCases.TC003_LoginValidation -->
