<?xml version="1.0" encoding="UTF-8"?>
<!-- Generated by org.testng.reporters.JUnitReportReporter -->
<testsuite hostname="NikuNavu-Laptop" failures="0" tests="1" name="testCases.TC015_FackerData" time="0.366" errors="0" timestamp="2025-07-16T10:49:02 EDT" skipped="0">
  <testcase classname="testCases.TC015_FackerData" name="generateDummyData" time="0.366"/>
</testsuite> <!-- testCases.TC015_FackerData -->
