<?xml version="1.0" encoding="UTF-8"?>
<!-- Generated by org.testng.reporters.JUnitReportReporter -->
<testsuite hostname="NikuNavu-Laptop" failures="0" tests="1" name="testCases.TC005_WebScraping" time="3.429" errors="0" timestamp="2025-07-02T20:43:16 EDT" skipped="0">
  <testcase classname="testCases.TC005_WebScraping" name="scraping" time="3.429"/>
</testsuite> <!-- testCases.TC005_WebScraping -->
