<?xml version="1.0" encoding="UTF-8"?>
<!-- Generated by org.testng.reporters.JUnitReportReporter -->
<testsuite hostname="NikuNavu-Laptop" failures="0" tests="1" name="testCases.TC001_SignUpValidation" time="19.626" errors="0" timestamp="2025-07-09T17:40:46 EDT" skipped="0">
  <testcase classname="testCases.TC001_SignUpValidation" name="signUpValidation" time="19.626"/>
</testsuite> <!-- testCases.TC001_SignUpValidation -->
