<?xml version="1.0" encoding="UTF-8"?>
<!-- Generated by org.testng.reporters.JUnitReportReporter -->
<testsuite hostname="NikuNavu-Laptop" failures="0" tests="1" name="testCases.TC002_HomePageValidation" time="0.113" errors="0" timestamp="2025-07-09T17:29:18 EDT" skipped="0">
  <testcase classname="testCases.TC002_HomePageValidation" name="homePageValidation" time="0.113"/>
</testsuite> <!-- testCases.TC002_HomePageValidation -->
