<?xml version="1.0" encoding="UTF-8"?>
<!-- Generated by org.testng.reporters.JUnitReportReporter -->
<testsuite hostname="NikuNavu-Laptop" failures="0" tests="1" name="testCases.TC008_WebTable" time="3.501" errors="0" timestamp="2025-07-07T21:35:58 EDT" skipped="0">
  <testcase classname="testCases.TC008_WebTable" name="webtable" time="3.501"/>
</testsuite> <!-- testCases.TC008_WebTable -->
